<?xml version="1.0" encoding="UTF-8"?>
<testng-results ignored="0" total="1" passed="1" failed="0" skipped="0">
  <reporter-output>
    <line>
      <![CDATA[the browser is opennow]]>
    </line>
    <line>
      <![CDATA[details are specified]]>
    </line>
  </reporter-output>
  <suite started-at="2023-06-10T02:25:32 IST" name="DemoTest" finished-at="2023-06-10T02:25:47 IST" duration-ms="15793">
    <groups>
    </groups>
    <test started-at="2023-06-10T02:25:32 IST" name="Test" finished-at="2023-06-10T02:25:47 IST" duration-ms="15793">
      <class name="com.qa.testngdemo.AppTest">
        <test-method signature="seltest()[pri:0, instance:com.qa.testngdemo.AppTest@3e84448c]" started-at="2023-06-10T02:25:32 IST" name="seltest" finished-at="2023-06-10T02:25:47 IST" duration-ms="15703" status="PASS">
          <reporter-output>
            <line>
              <![CDATA[the browser is opennow]]>
            </line>
            <line>
              <![CDATA[details are specified]]>
            </line>
          </reporter-output>
        </test-method> <!-- seltest -->
      </class> <!-- com.qa.testngdemo.AppTest -->
    </test> <!-- Test -->
  </suite> <!-- DemoTest -->
</testng-results>
